<?xml version="1.0" encoding="UTF-8"?>
<testng-results skipped="0" failed="0" ignored="0" total="2" passed="2">
  <reporter-output>
  </reporter-output>
  <suite name="tests.LoginTest" duration-ms="8248" started-at="2021-02-17T03:52:26Z" finished-at="2021-02-17T03:52:35Z">
    <groups>
    </groups>
    <test name="Command line test" duration-ms="8248" started-at="2021-02-17T03:52:26Z" finished-at="2021-02-17T03:52:35Z">
      <class name="tests.LoginTest">
        <test-method status="PASS" signature="setup()[pri:0, instance:tests.LoginTest@783e6358]" name="setup" is-config="true" duration-ms="3558" started-at="2021-02-17T03:52:26Z" finished-at="2021-02-17T03:52:30Z">
          <reporter-output>
          </reporter-output>
        </test-method> <!-- setup -->
        <test-method status="PASS" signature="loginTest_BadCredentials()[pri:0, instance:tests.LoginTest@783e6358]" name="loginTest_BadCredentials" duration-ms="503" started-at="2021-02-17T03:52:30Z" finished-at="2021-02-17T03:52:30Z">
          <reporter-output>
          </reporter-output>
        </test-method> <!-- loginTest_BadCredentials -->
        <test-method status="PASS" signature="tearDown()[pri:0, instance:tests.LoginTest@783e6358]" name="tearDown" is-config="true" duration-ms="565" started-at="2021-02-17T03:52:30Z" finished-at="2021-02-17T03:52:31Z">
          <reporter-output>
          </reporter-output>
        </test-method> <!-- tearDown -->
        <test-method status="PASS" signature="setup()[pri:0, instance:tests.LoginTest@783e6358]" name="setup" is-config="true" duration-ms="3032" started-at="2021-02-17T03:52:31Z" finished-at="2021-02-17T03:52:34Z">
          <reporter-output>
          </reporter-output>
        </test-method> <!-- setup -->
        <test-method status="PASS" signature="loginTest_OK()[pri:0, instance:tests.LoginTest@783e6358]" name="loginTest_OK" duration-ms="1" started-at="2021-02-17T03:52:34Z" finished-at="2021-02-17T03:52:34Z">
          <reporter-output>
          </reporter-output>
        </test-method> <!-- loginTest_OK -->
        <test-method status="PASS" signature="tearDown()[pri:0, instance:tests.LoginTest@783e6358]" name="tearDown" is-config="true" duration-ms="572" started-at="2021-02-17T03:52:34Z" finished-at="2021-02-17T03:52:35Z">
          <reporter-output>
          </reporter-output>
        </test-method> <!-- tearDown -->
      </class> <!-- tests.LoginTest -->
    </test> <!-- Command line test -->
  </suite> <!-- tests.LoginTest -->
</testng-results>
